       2.385029       -4.571581        8.967843       14.140959       -4.824123       20.330940      -21.432382        9.234177 
      -1.071732       15.234292       -8.957319      -21.809864      -15.084158      -21.280396       -9.068085       13.621553 
       1.370725       22.238191      -10.393955       12.794696      -15.301066       31.083483      -22.985018       26.001272 
      -9.807817        1.220205      -18.463188       10.510537      -30.762360        3.581549       -4.558346       -2.381512 
     -10.750596        7.047955        9.621898      -22.448698        6.698372      -27.393021       21.254499        2.631164 
      28.897255      -16.711928        9.753078        1.973238      -17.469417        4.432173      -14.228454      -22.286593 
       1.820851      -28.439118       25.898169      -47.138866        9.289206      -16.316836       18.907685       13.478522 
      31.659471       -0.278128        9.515446       -2.507503       -9.979768        2.732940      -11.939668      -14.290084 
     -22.139782      -12.900620      -12.344587      -15.386482      -27.864056       -5.968256       14.873174       18.918766 
      12.625934       -8.062635       21.798766       20.669905       32.774205       10.583885       10.538169      -30.926815 
     -31.441630        0.162501      -27.275539        8.715451      -38.294803       14.852473        0.205014       31.853464 
      -3.113968       -6.562530       -0.314159       -8.751279       57.615520      -20.010826       24.917383      -27.963068 
       2.180871       -9.455157       12.519100        6.909270      -23.066866       33.211237       -4.923950       38.150557 
     -18.353137       10.601467      -14.856079       -3.784995       32.261742       -1.003531       19.674281      -13.426905 
      21.232843       18.781309        1.238090       44.506206      -26.359616       41.035164      -10.839943       29.292827 
     -15.169422        4.007065       -9.945324      -29.379955       32.537784      -17.116958       24.888911      -24.927131 
      -7.509364       18.558734      -19.619935       29.533324       18.774107       -0.840833        5.321597      -21.108170 
       6.412754       17.989933       14.603083      -27.517999      -24.144958       -6.879664      -23.260508       10.527157 
     -15.896805       19.455403      -36.822396       39.339936       -3.926434       30.139420       -2.289319       10.085765 
       6.582267       19.053031       -2.212483       20.681968      -64.486887       31.309813      -32.126502       29.019001 
     -15.349223      -14.449156       -4.371452      -19.122233       26.703435      -46.480787       35.575229      -30.441337 
      22.614442       18.598374       -8.453041       32.139477      -36.908646       24.028883       -0.376726        8.946616 
      -9.456370      -43.799442       18.981235      -70.444251       39.441354      -62.412475       34.092687      -35.746823 
       3.573459       16.199703       -8.764576       26.219523        2.267349       23.433057        6.699076       -1.944698 
     -19.620311        9.780616      -13.968655      -10.473062      -19.278547      -14.082788       15.904220       -9.189278 
      20.404152      -39.667175       25.037775       27.780461       36.866365       18.241070       17.984846      -20.334692 
      -7.357072       24.150867      -11.816799       -8.616127       -6.276623      -14.266438       -4.358622       -3.961162 
     -14.116682      -16.018435       -1.042748        7.747164       41.990020       -3.101320        8.102391      -23.262996 
       6.336197       14.448407       22.679261        2.819468       15.876053       -0.545565        2.003932       17.786258 
     -33.034545        3.054533      -22.781733        4.798510       -9.352788       41.466443      -24.327332       16.556624 
      36.719717      -18.727229       40.314122       -3.405402       27.173772      -13.482445       15.304268       13.229940 
      -5.038618       -6.255238        7.081759      -26.532235        6.718417        2.098149       -4.824052      -14.160379 
      -5.422139       -0.959936       -4.081326       -4.181260       37.649755        3.792180       34.949773      -34.128747 
     -24.685031       48.631830      -20.246488       -2.968869      -30.867042      -21.962311      -47.053364        5.037514 
      -8.759230      -24.021313       -3.222018       18.339697        9.894134       37.120825       32.143033      -13.597688 
     -11.886090       49.017357      -38.694901       50.232484      -79.205816       14.247759      -63.699218       18.383210 
      17.779078      -46.503509        5.318572      -15.390192       21.884305        9.041662       42.665099       -8.515323 
       6.526338       44.964985      -23.633230       29.453050      -33.543645      -22.086240       -6.070421       -7.454255 
     -10.999462      -21.395806       -8.190761      -35.804252        2.572481        0.286341        7.132708        3.283525 
     -27.837643       29.009897      -22.081007       47.199440       -8.874635       21.951215      -17.263547       10.461807 
      -2.895413       -2.970698       -7.408490      -18.787605      -20.236123        3.136192      -10.627598       -3.271528 
      15.292484      -17.517549       -2.119529       19.554942       24.105968       -1.455786       42.781204       -1.690574 
       9.784820       14.591758       30.410084      -24.161519       13.846422      -29.026445      -21.155302       -1.166446 
      -2.002566       -3.396107       -3.577951        4.231758       22.179992        4.341787       33.387889        1.153380 
      -6.149009       22.942743       27.093315        3.049566        5.729072        2.027353      -31.487395       13.795483 
     -34.306229        2.156896      -32.900651       14.150783      -12.266512       37.372626       -6.740209        1.738836 
      27.829432      -19.020005       28.192899       -2.619960       -0.163170       10.151099       -4.606339       19.515746 
      16.238036      -11.765071       19.507214      -32.398896        4.034604      -17.033994       25.549294      -20.903626 
       1.937535        2.008241       16.478700      -14.984609       25.814657       -4.586331       32.943648      -30.521517 
      -5.980406       21.497165       -8.026979       -5.369860      -24.789696       -8.014648      -48.905693        8.793132 
     -11.239654       -4.620975       14.461120      -10.123289       29.480393      -17.653791       58.352815      -46.641400 
      -6.604705       27.912787      -51.610107       47.799377      -73.283072       43.166544      -71.256429       37.188454 
      14.965886       -7.447101       21.050524      -12.578965       35.310484      -30.008346       59.934357      -39.272789 
      14.067393        3.029541      -18.279724       -0.054755      -21.758010       -6.858727      -18.594757       15.517995 
      10.199666       11.820766       14.024491      -10.929612        0.182739       -4.919614        8.904160       -1.468256 
     -19.770937       -4.806813      -21.788847        6.503226      -22.739801       23.940842      -25.229617       27.229955 
      10.577653      -26.785704       -8.825538      -27.610039      -22.620128       26.400403      -26.193685       36.246373 
      -5.283543       -2.548226      -16.221099       27.137773        2.827032      -11.563483       25.431781      -23.608797 
      27.596994      -21.994602       23.813742      -44.879298       17.250581        0.346348      -13.947437       30.317014 
       9.166436       -8.207041        9.815679        6.615356        4.516948      -17.800982       24.095760      -19.557590 
      -8.285164        7.588400        4.287605       -3.712187      -15.979457       19.891803      -47.661436       32.186417 
      -5.935563      -10.212842      -16.984453        1.591008      -23.017085       11.551756       -7.922916        5.247970 
      10.445116       -9.772064       15.221297        2.999754      -18.506499       22.826976      -34.451096       30.132616 
      16.887335        8.802653        8.557595      -10.077874       -5.798210      -30.496394       31.362979      -22.646625 
